<?xml version="1.0" encoding="UTF-8"?>
<testsuites>
  <testsuite name="Drupal\Tests\co_core\Unit\UnitTest" file="/Users/esinergia/Sites/devdesktop/my-project/web/modules/custom/co_core/tests/src/Unit/UnitTest.php" tests="2" assertions="1" errors="1" warnings="0" failures="1" skipped="0" time="0.012495">
    <testcase name="testSetLength" class="Drupal\Tests\co_core\Unit\UnitTest" classname="Drupal.Tests.co_core.Unit.UnitTest" file="/Users/esinergia/Sites/devdesktop/my-project/web/modules/custom/co_core/tests/src/Unit/UnitTest.php" line="38" assertions="1" time="0.011545">
      <failure type="PHPUnit\Framework\ExpectationFailedException">Drupal\Tests\co_core\Unit\UnitTest::testSetLength
Failed asserting that 'd' matches expected 0.

/Users/esinergia/Sites/devdesktop/my-project/vendor/phpunit/phpunit/src/Framework/Constraint/Equality/IsEqual.php:96
/Users/esinergia/Sites/devdesktop/my-project/vendor/phpunit/phpunit/src/Framework/Assert.php:2344
/Users/esinergia/Sites/devdesktop/my-project/vendor/phpunit/phpunit/src/Framework/Assert.php:324
/Users/esinergia/Sites/devdesktop/my-project/web/modules/custom/co_core/tests/src/Unit/UnitTest.php:39
/Users/esinergia/Sites/devdesktop/my-project/vendor/phpunit/phpunit/src/Framework/TestResult.php:722
/Users/esinergia/Sites/devdesktop/my-project/vendor/phpunit/phpunit/src/Framework/TestSuite.php:677
/Users/esinergia/Sites/devdesktop/my-project/vendor/phpunit/phpunit/src/TextUI/TestRunner.php:667
/Users/esinergia/Sites/devdesktop/my-project/vendor/phpunit/phpunit/src/TextUI/Command.php:142
/Users/esinergia/Sites/devdesktop/my-project/vendor/phpunit/phpunit/src/TextUI/Command.php:95</failure>
    </testcase>
    <testcase name="testGetLength" class="Drupal\Tests\co_core\Unit\UnitTest" classname="Drupal.Tests.co_core.Unit.UnitTest" file="/Users/esinergia/Sites/devdesktop/my-project/web/modules/custom/co_core/tests/src/Unit/UnitTest.php" line="47" assertions="0" time="0.000950">
      <error type="TypeError">Drupal\Tests\co_core\Unit\UnitTest::testGetLength
TypeError: Argument 1 passed to Drupal\co_core\Unit::setLength() must be of the type array, int given, called in /Users/esinergia/Sites/devdesktop/my-project/web/modules/custom/co_core/tests/src/Unit/UnitTest.php on line 48

/Users/esinergia/Sites/devdesktop/my-project/web/modules/custom/co_core/src/Unit.php:15
/Users/esinergia/Sites/devdesktop/my-project/web/modules/custom/co_core/tests/src/Unit/UnitTest.php:48
/Users/esinergia/Sites/devdesktop/my-project/vendor/phpunit/phpunit/src/Framework/TestResult.php:722
/Users/esinergia/Sites/devdesktop/my-project/vendor/phpunit/phpunit/src/Framework/TestSuite.php:677
/Users/esinergia/Sites/devdesktop/my-project/vendor/phpunit/phpunit/src/TextUI/TestRunner.php:667
/Users/esinergia/Sites/devdesktop/my-project/vendor/phpunit/phpunit/src/TextUI/Command.php:142
/Users/esinergia/Sites/devdesktop/my-project/vendor/phpunit/phpunit/src/TextUI/Command.php:95</error>
    </testcase>
  </testsuite>
</testsuites>
